<?xml version="1.0" encoding="UTF-8"?>
<!-- Generated by org.testng.reporters.JUnitXMLReporter -->
<testsuite ignored="0" hostname="DESKTOP-UAC0RHQ" failures="0" tests="8" name="Default test" time="12.685" errors="0" timestamp="2025-10-17T11:00:47 IST">
  <testcase classname="com.testcases.UserTests" name="testCreateUser" time="7.223"/>
  <testcase classname="com.testcases.UserTests" name="testDeleteUser" time="0.913"/>
  <testcase classname="com.testcases.UserTests" name="testGetAllUsers" time="0.719"/>
  <testcase classname="com.testcases.UserTests" name="testGetUserById" time="0.518"/>
  <testcase classname="com.testcases.UserTests" name="testGetUsersSorted" time="0.593"/>
  <testcase classname="com.testcases.UserTests" name="testGetUsersSortedAsc" time="0.547"/>
  <testcase classname="com.testcases.UserTests" name="testGetUsersWithLimit" time="0.543"/>
  <testcase classname="com.testcases.UserTests" name="testUpdateUser" time="0.451"/>
</testsuite> <!-- Default test -->
