<?xml version="1.0" encoding="UTF-8"?>
<!-- Generated by org.testng.reporters.JUnitXMLReporter -->
<testsuite ignored="0" hostname="DESKTOP-UAC0RHQ" failures="0" tests="7" name="API Tests1" time="5.495" errors="0" timestamp="2025-10-14T19:24:24 IST">
  <testcase classname="com.testcases.ProductTests" name="testGetAllProducts" time="0.462"/>
  <testcase classname="com.testcases.ProductTests" name="testGetProductsByCategory" time="0.48"/>
  <testcase classname="com.testcases.ProductDataDrivenTest" name="testAddNewProduct" time="0.876"/>
  <testcase classname="com.testcases.ProductDataDrivenTest" name="testAddNewProduct" time="1.039"/>
  <testcase classname="com.testcases.ProductDataDrivenTest" name="testAddNewProduct" time="0.861"/>
  <testcase classname="com.testcases.ProductDataDrivenTest" name="testAddNewProduct" time="0.88"/>
  <testcase classname="com.testcases.ProductDataDrivenTest" name="testAddNewProduct" time="0.806"/>
</testsuite> <!-- API Tests1 -->
