<?xml version="1.0" encoding="UTF-8"?>
<!-- Generated by org.testng.reporters.JUnitXMLReporter -->
<testsuite ignored="0" hostname="DESKTOP-UAC0RHQ" failures="0" tests="7" name="API Tests2" time="5.203" errors="0" timestamp="2025-10-14T19:24:30 IST">
  <testcase classname="com.testcases.ProductTests" name="testGetAllProducts" time="0.465"/>
  <testcase classname="com.testcases.ProductTests" name="testGetProductsByCategory" time="0.474"/>
  <testcase classname="com.testcases.ProductDataDrivenTest" name="testAddNewProduct" time="0.832"/>
  <testcase classname="com.testcases.ProductDataDrivenTest" name="testAddNewProduct" time="0.812"/>
  <testcase classname="com.testcases.ProductDataDrivenTest" name="testAddNewProduct" time="0.839"/>
  <testcase classname="com.testcases.ProductDataDrivenTest" name="testAddNewProduct" time="0.825"/>
  <testcase classname="com.testcases.ProductDataDrivenTest" name="testAddNewProduct" time="0.826"/>
</testsuite> <!-- API Tests2 -->
