<?xml version="1.0" encoding="UTF-8"?>
<!-- Generated by org.testng.reporters.JUnitXMLReporter -->
<testsuite ignored="0" hostname="DESKTOP-UAC0RHQ" failures="0" tests="10" name="API Tests" time="13.695" errors="0" timestamp="2025-10-15T01:07:04 IST">
  <testcase classname="com.testcases.UserTests" name="testCreateUser" time="6.821"/>
  <testcase classname="com.testcases.UserTests" name="testDeleteUser" time="0.582"/>
  <testcase classname="com.testcases.UserTests" name="testGetAllUsers" time="0.668"/>
  <testcase classname="com.testcases.UserTests" name="testGetUserById" time="0.502"/>
  <testcase classname="com.testcases.UserTests" name="testGetUsersSorted" time="0.56"/>
  <testcase classname="com.testcases.UserTests" name="testGetUsersSortedAsc" time="0.543"/>
  <testcase classname="com.testcases.UserTests" name="testGetUsersWithLimit" time="0.542"/>
  <testcase classname="com.testcases.UserTests" name="testUpdateUser" time="0.453"/>
  <testcase classname="com.testcases.ProductTests" name="testGetAllProducts" time="0.549"/>
  <testcase classname="com.testcases.ProductTests" name="testGetProductsByCategory" time="0.493"/>
</testsuite> <!-- API Tests -->
