<?xml version="1.0" encoding="UTF-8"?>
<!-- Generated by org.testng.reporters.JUnitXMLReporter -->
<testsuite ignored="0" hostname="DESKTOP-UAC0RHQ" failures="0" tests="11" name="Cart Tests" time="5.873" errors="0" timestamp="2025-10-17T12:15:23 IST">
  <testcase classname="com.testcases.CartTests" name="testCreateCart" time="0.495"/>
  <testcase classname="com.testcases.CartTests" name="testDeleteCart" time="0.463"/>
  <testcase classname="com.testcases.CartTests" name="testGetAllCarts" time="0.55"/>
  <testcase classname="com.testcases.CartTests" name="testGetCartById" time="0.527"/>
  <testcase classname="com.testcases.CartTests" name="testGetCartsByDateRange" time="0.565"/>
  <testcase classname="com.testcases.CartTests" name="testGetCartsSorted" time="0.629"/>
  <testcase classname="com.testcases.CartTests" name="testGetCartsSortedAsc" time="0.549"/>
  <testcase classname="com.testcases.CartTests" name="testGetCartsWithLimit" time="0.507"/>
  <testcase classname="com.testcases.CartTests" name="testGetUserCart" time="0.501"/>
  <testcase classname="com.testcases.CartTests" name="testGetUserCartsByDateRange" time="0.468"/>
  <testcase classname="com.testcases.CartTests" name="testUpdateCart" time="0.52"/>
</testsuite> <!-- Cart Tests -->
