<?xml version="1.0" encoding="UTF-8"?>
<!-- Generated by org.testng.reporters.JUnitXMLReporter -->
<testsuite ignored="0" hostname="DESKTOP-UAC0RHQ" failures="0" tests="3" name="Schema Tests" time="2.357" errors="0" timestamp="2025-10-17T12:15:27 IST">
  <testcase classname="com.testcases.SchemaTests" name="testCartSchema" time="1.281"/>
  <testcase classname="com.testcases.SchemaTests" name="testProductSchema" time="0.419"/>
  <testcase classname="com.testcases.SchemaTests" name="testUserSchema" time="0.635"/>
</testsuite> <!-- Schema Tests -->
