<?xml version="1.0" encoding="UTF-8"?>
<!-- Generated by org.testng.reporters.JUnitXMLReporter -->
<testsuite ignored="0" hostname="DESKTOP-UAC0RHQ" failures="0" tests="8" name="User Tests" time="5.043" errors="0" timestamp="2025-10-17T12:15:17 IST">
  <testcase classname="com.testcases.UserTests" name="testCreateUser" time="0.98"/>
  <testcase classname="com.testcases.UserTests" name="testDeleteUser" time="0.494"/>
  <testcase classname="com.testcases.UserTests" name="testGetAllUsers" time="0.596"/>
  <testcase classname="com.testcases.UserTests" name="testGetUserById" time="0.483"/>
  <testcase classname="com.testcases.UserTests" name="testGetUsersSorted" time="0.577"/>
  <testcase classname="com.testcases.UserTests" name="testGetUsersSortedAsc" time="0.582"/>
  <testcase classname="com.testcases.UserTests" name="testGetUsersWithLimit" time="0.803"/>
  <testcase classname="com.testcases.UserTests" name="testUpdateUser" time="0.436"/>
</testsuite> <!-- User Tests -->
