<?xml version="1.0" encoding="UTF-8"?>
<!-- Generated by org.testng.reporters.JUnitXMLReporter -->
<testsuite ignored="0" hostname="DESKTOP-UAC0RHQ" failures="0" tests="36" name="Test" time="28.877" errors="0" timestamp="2025-10-17T11:04:00 IST">
  <testcase classname="com.testcases.UserTests" name="testCreateUser" time="6.776"/>
  <testcase classname="com.testcases.UserTests" name="testDeleteUser" time="0.557"/>
  <testcase classname="com.testcases.UserTests" name="testGetAllUsers" time="0.694"/>
  <testcase classname="com.testcases.UserTests" name="testGetUserById" time="0.495"/>
  <testcase classname="com.testcases.UserTests" name="testGetUsersSorted" time="0.578"/>
  <testcase classname="com.testcases.UserTests" name="testGetUsersSortedAsc" time="0.53"/>
  <testcase classname="com.testcases.UserTests" name="testGetUsersWithLimit" time="0.511"/>
  <testcase classname="com.testcases.UserTests" name="testUpdateUser" time="0.456"/>
  <testcase classname="com.testcases.ProductDataDrivenTest" name="testAddNewProduct" time="0.917"/>
  <testcase classname="com.testcases.ProductDataDrivenTest" name="testAddNewProduct" time="0.857"/>
  <testcase classname="com.testcases.ProductDataDrivenTest" name="testAddNewProduct" time="0.847"/>
  <testcase classname="com.testcases.ProductDataDrivenTest" name="testAddNewProduct" time="0.853"/>
  <testcase classname="com.testcases.ProductDataDrivenTest" name="testAddNewProduct" time="1.012"/>
  <testcase classname="com.testcases.CartTests" name="testCreateCart" time="0.523"/>
  <testcase classname="com.testcases.CartTests" name="testDeleteCart" time="0.481"/>
  <testcase classname="com.testcases.CartTests" name="testGetAllCarts" time="0.542"/>
  <testcase classname="com.testcases.CartTests" name="testGetCartById" time="0.505"/>
  <testcase classname="com.testcases.CartTests" name="testGetCartsByDateRange" time="0.549"/>
  <testcase classname="com.testcases.CartTests" name="testGetCartsSorted" time="0.53"/>
  <testcase classname="com.testcases.CartTests" name="testGetCartsSortedAsc" time="0.541"/>
  <testcase classname="com.testcases.CartTests" name="testGetCartsWithLimit" time="0.528"/>
  <testcase classname="com.testcases.CartTests" name="testGetUserCart" time="0.537"/>
  <testcase classname="com.testcases.CartTests" name="testGetUserCartsByDateRange" time="0.474"/>
  <testcase classname="com.testcases.CartTests" name="testUpdateCart" time="0.493"/>
  <testcase classname="com.testcases.ProductTests" name="testAddNewProduct" time="0.478"/>
  <testcase classname="com.testcases.ProductTests" name="testDeleteProduct" time="0.373"/>
  <testcase classname="com.testcases.ProductTests" name="testGetAllCategories" time="0.426"/>
  <testcase classname="com.testcases.ProductTests" name="testGetAllProducts" time="0.507"/>
  <testcase classname="com.testcases.ProductTests" name="testGetLimitedProducts" time="0.408"/>
  <testcase classname="com.testcases.ProductTests" name="testGetProductsByCategory" time="0.578"/>
  <testcase classname="com.testcases.ProductTests" name="testGetSingleProductById" time="0.41"/>
  <testcase classname="com.testcases.ProductTests" name="testGetSortedProducts" time="0.452"/>
  <testcase classname="com.testcases.ProductTests" name="testGetSortedProductsAsc" time="0.448"/>
  <testcase classname="com.testcases.ProductTests" name="testUpdateProduct" time="0.633"/>
  <testcase classname="com.testcases.LoginTests" name="testInvalidLogin" time="0.882"/>
  <testcase classname="com.testcases.LoginTests" name="testValidLogin" time="0.567"/>
</testsuite> <!-- Test -->
